\BOOKMARK [0][-]{chapter.1}{\376\377\000M\000i\000s\000c}{}% 1
\BOOKMARK [1][-]{section.1.1}{\376\377\000D\000e\000b\000u\000g}{chapter.1}% 2
\BOOKMARK [2][-]{subsection.1.1.1}{\376\377\116\000\116\233\137\303\137\227}{section.1.1}% 3
\BOOKMARK [2][-]{subsection.1.1.2}{\376\377\000R\000a\000n\000d\000o\000m\000\040\000N\000u\000m\000b\000e\000r}{section.1.1}% 4
\BOOKMARK [2][-]{subsection.1.1.3}{\376\377\000C\000M\000D\133\371\142\315\000b\000a\000t\201\032\147\054}{section.1.1}% 5
\BOOKMARK [1][-]{section.1.2}{\376\377\000I\000n\000t\0001\0002\0008}{chapter.1}% 6
\BOOKMARK [1][-]{section.1.3}{\376\377\000M\000o\000d\000I\000n\000t}{chapter.1}% 7
\BOOKMARK [1][-]{section.1.4}{\376\377\000T\000r\000e\000e\000\040\000H\000a\000s\000h}{chapter.1}% 8
\BOOKMARK [0][-]{chapter.2}{\376\377\000N\000u\000m\000b\000e\000r\000\040\000T\000h\000e\000o\000r\000y}{}% 9
\BOOKMARK [1][-]{section.2.1}{\376\377\000B\000S\000G\000S}{chapter.2}% 10
\BOOKMARK [1][-]{section.2.2}{\376\377\116\214\153\041\122\151\117\131}{chapter.2}% 11
\BOOKMARK [2][-]{subsection.2.2.1}{\376\377\000C\000i\000p\000o\000l\000l\000a}{section.2.2}% 12
\BOOKMARK [2][-]{subsection.2.2.2}{\376\377\000T\000o\000n\000e\000l\000l\000i\000\040\000S\000h\000a\000n\000k\000s}{section.2.2}% 13
\BOOKMARK [1][-]{section.2.3}{\376\377\000E\000x\000-\000g\000c\000d}{chapter.2}% 14
\BOOKMARK [1][-]{section.2.4}{\376\377\000M\000i\000l\000l\000e\000r\000-\000R\000a\000b\000i\000n\000\040\000T\000e\000s\000t}{chapter.2}% 15
\BOOKMARK [1][-]{section.2.5}{\376\377\000S\000i\000e\000v\000e}{chapter.2}% 16
\BOOKMARK [2][-]{subsection.2.5.1}{\376\377\147\134\145\131\173\133}{section.2.5}% 17
\BOOKMARK [2][-]{subsection.2.5.2}{\376\377\000P\000o\000w\000e\000r\000f\000u\000l\000\040\000N\000u\000m\000b\000e\000r\173\133}{section.2.5}% 18
\BOOKMARK [2][-]{subsection.2.5.3}{\376\377\000M\000i\000n\0002\0005\173\133}{section.2.5}% 19
\BOOKMARK [0][-]{chapter.3}{\376\377\000M\000a\000t\000h}{}% 20
\BOOKMARK [1][-]{section.3.1}{\376\377\000M\000i\000n\000i\000m\000a\000x\144\034\175\042\000\040\000a\000l\000p\000h\000a\000-\000b\000e\000t\000a\122\152\147\235}{chapter.3}% 21
\BOOKMARK [1][-]{section.3.2}{\376\377\000C\000o\000m\000b\000i\000n\000a\000t\000i\000o\000n}{chapter.3}% 22
\BOOKMARK [1][-]{section.3.3}{\376\377\000S\000t\000i\000r\000l\000i\000n\000g\000\040\000N\000u\000m\000b\000e\000r\000\040\000Q\000u\000e\000r\000y}{chapter.3}% 23
\BOOKMARK [1][-]{section.3.4}{\376\377\116\000\116\233\145\160\133\146\176\323\213\272}{chapter.3}% 24
\BOOKMARK [2][-]{subsection.3.4.1}{\376\377\225\031\143\222\213\241\145\160}{section.3.4}% 25
\BOOKMARK [2][-]{subsection.3.4.2}{\376\377\000P\000i\000c\000k\133\232\164\006}{section.3.4}% 26
\BOOKMARK [2][-]{subsection.3.4.3}{\376\377\176\246\164\137\131\053\163\257}{section.3.4}% 27
\BOOKMARK [0][-]{chapter.4}{\376\377\000D\000a\000t\000a\000\040\000S\000t\000r\000u\000c\000t\000u\000r\000e}{}% 28
\BOOKMARK [1][-]{section.4.1}{\376\377\000L\000i\000n\000e\000a\000r\000\040\000B\000a\000s\000i\000s}{chapter.4}% 29
\BOOKMARK [1][-]{section.4.2}{\376\377\000C\000h\000t\000h\000o\000l\000l\000y\000\040\000T\000r\000e\000e}{chapter.4}% 30
\BOOKMARK [1][-]{section.4.3}{\376\377\000D\000i\000s\000j\000o\000i\000n\000t\000\040\000S\000e\000t\000\040\000U\000n\000i\000o\000n}{chapter.4}% 31
\BOOKMARK [2][-]{subsection.4.3.1}{\376\377\000R\000o\000l\000l\000b\000a\000c\000k\000-\000D\000S\000U}{section.4.3}% 32
\BOOKMARK [2][-]{subsection.4.3.2}{\376\377\000W\000e\000i\000g\000h\000t\000e\000d\000-\000D\000S\000U}{section.4.3}% 33
\BOOKMARK [1][-]{section.4.4}{\376\377\000F\000e\000n\000w\000i\000c\000k\000\040\000T\000r\000e\000e}{chapter.4}% 34
\BOOKMARK [1][-]{section.4.5}{\376\377\000S\000p\000a\000r\000s\000e\000\040\000T\000a\000b\000l\000e}{chapter.4}% 35
\BOOKMARK [1][-]{section.4.6}{\376\377\000H\000a\000s\000h\000\040\000M\000a\000p}{chapter.4}% 36
\BOOKMARK [1][-]{section.4.7}{\376\377\000O\000r\000d\000e\000r\000e\000d\000\040\000S\000e\000t}{chapter.4}% 37
\BOOKMARK [1][-]{section.4.8}{\376\377\000S\000e\000g\000m\000e\000n\000t\000\040\000T\000r\000e\000e}{chapter.4}% 38
\BOOKMARK [1][-]{section.4.9}{\376\377\000K\000D\000\040\000T\000r\000e\000e}{chapter.4}% 39
\BOOKMARK [0][-]{chapter.5}{\376\377\000S\000t\000r\000i\000n\000g}{}% 40
\BOOKMARK [1][-]{section.5.1}{\376\377\000S\000u\000f\000f\000i\000x\000\040\000A\000r\000r\000a\000y}{chapter.5}% 41
\BOOKMARK [2][-]{subsection.5.1.1}{\376\377\000S\000A\000-\000d\000o\000u\000b\000l\000i\000n\000g}{section.5.1}% 42
\BOOKMARK [2][-]{subsection.5.1.2}{\376\377\000S\000A\000-\000I\000S}{section.5.1}% 43
\BOOKMARK [1][-]{section.5.2}{\376\377\000K\000M\000P\000\040\000/\000\040\000K\000M\000P\000-\000a\000u\000t\000o\000m\000a\000t\000o\000n}{chapter.5}% 44
\BOOKMARK [1][-]{section.5.3}{\376\377\000Z\000\040\000A\000l\000g\000o\000r\000i\000t\000h\000m}{chapter.5}% 45
\BOOKMARK [0][-]{chapter.6}{\376\377\000G\000r\000a\000p\000h}{}% 46
\BOOKMARK [1][-]{section.6.1}{\376\377\000L\000o\000w\000\040\000L\000i\000n\000k}{chapter.6}% 47
\BOOKMARK [1][-]{section.6.2}{\376\377\000S\000C\000C}{chapter.6}% 48
\BOOKMARK [1][-]{section.6.3}{\376\377\000M\000a\000n\000h\000a\000t\000t\000a\000n\000\040\000M\000S\000T}{chapter.6}% 49
\BOOKMARK [1][-]{section.6.4}{\376\377\000D\000i\000n\000i\000c}{chapter.6}% 50
\BOOKMARK [0][-]{chapter.7}{\376\377\000D\000y\000n\000a\000m\000i\000c\000\040\000P\000r\000o\000g\000r\000a\000m\000i\000n\000g}{}% 51
\BOOKMARK [1][-]{section.7.1}{\376\377\000I\000n\000c\000r\000e\000m\000e\000n\000t\000a\000l\000\040\000C\000o\000n\000v\000e\000x\000\040\000H\000u\000l\000l\000\040\000T\000r\000i\000c\000k}{chapter.7}% 52
\BOOKMARK [0][-]{chapter.8}{\376\377\000P\000o\000l\000y\000n\000o\000m\000i\000a\000l}{}% 53
\BOOKMARK [1][-]{section.8.1}{\376\377\000F\000F\000T\000-\000m\000o\000d}{chapter.8}% 54
\BOOKMARK [1][-]{section.8.2}{\376\377\000L\000a\000g\000r\000a\000n\000g\000e}{chapter.8}% 55
\BOOKMARK [2][-]{subsection.8.2.1}{\376\377\152\052\127\120\150\007\146\057\217\336\176\355\145\164\145\160\166\204\142\311\150\074\147\027\145\345\143\322\120\074}{section.8.2}% 56
