This is XeTeX, Version 3.141592653-2.6-0.999994 (MiKTeX 22.10 Portable) (preloaded format=xelatex 2022.12.29)  16 JAN 2023 13:12
entering extended mode
 \write18 enabled.
 file:line:error style messages enabled.
 %&-line parsing enabled.
**./main.tex
(main.tex
LaTeX2e <2022-06-01> patch level 5
L3 programming layer <2022-09-28>
(D:\Software\scoop\apps\latex\current\texmfs\install\tex/latex/ctex\ctexart.cls

(D:\Software\scoop\apps\latex\current\texmfs\install\tex/latex/ctex/config\ctex
backend.cfg
File: ctexbackend.cfg 2022/07/14 v2.5.10 Backend configuration file (CTEX)
)
(D:\Software\scoop\apps\latex\current\texmfs\install\tex/latex/l3kernel\expl3.s
ty
Package: expl3 2022-09-28 L3 programming layer (loader) 

(D:\Software\scoop\apps\latex\current\texmfs\install\tex/latex/l3backend\l3back
end-xetex.def
File: l3backend-xetex.def 2022-09-28 L3 backend support: XeTeX
\g__graphics_track_int=\count181
\l__pdf_internal_box=\box51
\g__pdf_backend_object_int=\count182
\g__pdf_backend_annotation_int=\count183
\g__pdf_backend_link_int=\count184
))
Document Class: ctexart 2022/07/14 v2.5.10 Chinese adapter for class article (C
TEX)

(D:\Software\scoop\apps\latex\current\texmfs\install\tex/latex/ctex\ctexhook.st
y
Package: ctexhook 2022/07/14 v2.5.10 Document and package hooks (CTEX)
)
(D:\Software\scoop\apps\latex\current\texmfs\install\tex/latex/ctex\ctexpatch.s
ty
Package: ctexpatch 2022/07/14 v2.5.10 Patching commands (CTEX)
)
(D:\Software\scoop\apps\latex\current\texmfs\install\tex/latex/base\fix-cm.sty
Package: fix-cm 2020/11/24 v1.1t fixes to LaTeX

(D:\Software\scoop\apps\latex\current\texmfs\install\tex/latex/base\ts1enc.def
File: ts1enc.def 2001/06/05 v3.0e (jk/car/fm) Standard LaTeX file
LaTeX Font Info:    Redeclaring font encoding TS1 on input line 47.
))
\l__ctex_tmp_int=\count185
\l__ctex_tmp_box=\box52
\l__ctex_tmp_dim=\dimen138
\g__ctex_section_depth_int=\count186
\g__ctex_font_size_int=\count187

(D:\Software\scoop\apps\latex\current\texmfs\install\tex/latex/ctex/config\ctex
opts.cfg
File: ctexopts.cfg 2022/07/14 v2.5.10 Option configuration file (CTEX)
)
(D:\Software\scoop\apps\latex\current\texmfs\install\tex/latex/base\article.cls
Document Class: article 2021/10/04 v1.4n Standard LaTeX document class
(D:\Software\scoop\apps\latex\current\texmfs\install\tex/latex/base\size12.clo
File: size12.clo 2021/10/04 v1.4n Standard LaTeX file (size option)
)
\c@part=\count188
\c@section=\count189
\c@subsection=\count190
\c@subsubsection=\count191
\c@paragraph=\count192
\c@subparagraph=\count193
\c@figure=\count194
\c@table=\count195
\abovecaptionskip=\skip47
\belowcaptionskip=\skip48
\bibindent=\dimen139
)
(D:\Software\scoop\apps\latex\current\texmfs\install\tex/latex/ctex/engine\ctex
-engine-xetex.def
File: ctex-engine-xetex.def 2022/07/14 v2.5.10 XeLaTeX adapter (CTEX)

(D:\Software\scoop\apps\latex\current\texmfs\install\tex/xelatex/xecjk\xeCJK.st
y
Package: xeCJK 2022/08/05 v3.9.1 Typesetting CJK scripts with XeLaTeX

(D:\Software\scoop\apps\latex\current\texmfs\install\tex/latex/l3packages/xtemp
late\xtemplate.sty
Package: xtemplate 2022-06-22 L3 Experimental prototype document functions
\l__xtemplate_tmp_dim=\dimen140
\l__xtemplate_tmp_int=\count196
\l__xtemplate_tmp_muskip=\muskip16
\l__xtemplate_tmp_skip=\skip49
)
\l__xeCJK_tmp_int=\count197
\l__xeCJK_tmp_box=\box53
\l__xeCJK_tmp_dim=\dimen141
\l__xeCJK_tmp_skip=\skip50
\g__xeCJK_space_factor_int=\count198
\l__xeCJK_begin_int=\count199
\l__xeCJK_end_int=\count266
\c__xeCJK_CJK_class_int=\XeTeXcharclass1
\c__xeCJK_FullLeft_class_int=\XeTeXcharclass2
\c__xeCJK_FullRight_class_int=\XeTeXcharclass3
\c__xeCJK_HalfLeft_class_int=\XeTeXcharclass4
\c__xeCJK_HalfRight_class_int=\XeTeXcharclass5
\c__xeCJK_NormalSpace_class_int=\XeTeXcharclass6
\c__xeCJK_CM_class_int=\XeTeXcharclass7
\c__xeCJK_HangulJamo_class_int=\XeTeXcharclass8
\l__xeCJK_last_skip=\skip51
\c__xeCJK_none_node=\count267
\g__xeCJK_node_int=\count268
\c__xeCJK_CJK_node_dim=\dimen142
\c__xeCJK_CJK-space_node_dim=\dimen143
\c__xeCJK_default_node_dim=\dimen144
\c__xeCJK_CJK-widow_node_dim=\dimen145
\c__xeCJK_normalspace_node_dim=\dimen146
\c__xeCJK_default-space_node_skip=\skip52
\l__xeCJK_ccglue_skip=\skip53
\l__xeCJK_ecglue_skip=\skip54
\l__xeCJK_punct_kern_skip=\skip55
\l__xeCJK_indent_box=\box54
\l__xeCJK_last_penalty_int=\count269
\l__xeCJK_last_bound_dim=\dimen147
\l__xeCJK_last_kern_dim=\dimen148
\l__xeCJK_widow_penalty_int=\count270

Package xtemplate Info: Declaring object type 'xeCJK/punctuation' taking 0
(xtemplate)             argument(s) on line 2396.

\l__xeCJK_fixed_punct_width_dim=\dimen149
\l__xeCJK_mixed_punct_width_dim=\dimen150
\l__xeCJK_middle_punct_width_dim=\dimen151
\l__xeCJK_fixed_margin_width_dim=\dimen152
\l__xeCJK_mixed_margin_width_dim=\dimen153
\l__xeCJK_middle_margin_width_dim=\dimen154
\l__xeCJK_bound_punct_width_dim=\dimen155
\l__xeCJK_bound_margin_width_dim=\dimen156
\l__xeCJK_margin_minimum_dim=\dimen157
\l__xeCJK_kerning_total_width_dim=\dimen158
\l__xeCJK_same_align_margin_dim=\dimen159
\l__xeCJK_different_align_margin_dim=\dimen160
\l__xeCJK_kerning_margin_width_dim=\dimen161
\l__xeCJK_kerning_margin_minimum_dim=\dimen162
\l__xeCJK_bound_dim=\dimen163
\l__xeCJK_reverse_bound_dim=\dimen164
\l__xeCJK_margin_dim=\dimen165
\l__xeCJK_minimum_bound_dim=\dimen166
\l__xeCJK_kerning_margin_dim=\dimen167
\g__xeCJK_family_int=\count271
\l__xeCJK_fam_int=\count272
\g__xeCJK_fam_allocation_int=\count273
\l__xeCJK_verb_case_int=\count274
\l__xeCJK_verb_exspace_skip=\skip56

(D:\Software\scoop\apps\latex\current\texmfs\install\tex/latex/fontspec\fontspe
c.sty
(D:\Software\scoop\apps\latex\current\texmfs\install\tex/latex/l3packages/xpars
e\xparse.sty
Package: xparse 2022-06-22 L3 Experimental document command parser
)
Package: fontspec 2022/01/15 v2.8a Font selection for XeLaTeX and LuaLaTeX

(D:\Software\scoop\apps\latex\current\texmfs\install\tex/latex/fontspec\fontspe
c-xetex.sty
Package: fontspec-xetex 2022/01/15 v2.8a Font selection for XeLaTeX and LuaLaTe
X
\l__fontspec_script_int=\count275
\l__fontspec_language_int=\count276
\l__fontspec_strnum_int=\count277
\l__fontspec_tmp_int=\count278
\l__fontspec_tmpa_int=\count279
\l__fontspec_tmpb_int=\count280
\l__fontspec_tmpc_int=\count281
\l__fontspec_em_int=\count282
\l__fontspec_emdef_int=\count283
\l__fontspec_strong_int=\count284
\l__fontspec_strongdef_int=\count285
\l__fontspec_tmpa_dim=\dimen168
\l__fontspec_tmpb_dim=\dimen169
\l__fontspec_tmpc_dim=\dimen170

(D:\Software\scoop\apps\latex\current\texmfs\install\tex/latex/base\fontenc.sty
Package: fontenc 2021/04/29 v2.0v Standard LaTeX package
)
(D:\Software\scoop\apps\latex\current\texmfs\install\tex/latex/fontspec\fontspe
c.cfg)))
(D:\Software\scoop\apps\latex\current\texmfs\install\tex/xelatex/xecjk\xeCJK.cf
g
File: xeCJK.cfg 2022/08/05 v3.9.1 Configuration file for xeCJK package
))
\ccwd=\dimen171
\l__ctex_ccglue_skip=\skip57
)
\l__ctex_ziju_dim=\dimen172

(D:\Software\scoop\apps\latex\current\texmfs\install\tex/latex/zhnumber\zhnumbe
r.sty
Package: zhnumber 2022/07/14 v3.0 Typesetting numbers with Chinese glyphs
\l__zhnum_scale_int=\count286
\l__zhnum_tmp_int=\count287

(D:\Software\scoop\apps\latex\current\texmfs\install\tex/latex/zhnumber\zhnumbe
r-utf8.cfg
File: zhnumber-utf8.cfg 2022/07/14 v3.0 Chinese numerals with UTF8 encoding
))
\l__ctex_heading_skip=\skip58

(D:\Software\scoop\apps\latex\current\texmfs\install\tex/latex/ctex/scheme\ctex
-scheme-chinese-article.def
File: ctex-scheme-chinese-article.def 2022/07/14 v2.5.10 Chinese scheme for art
icle (CTEX)

(D:\Software\scoop\apps\latex\current\texmfs\install\tex/latex/ctex/config\ctex
-name-utf8.cfg
File: ctex-name-utf8.cfg 2022/07/14 v2.5.10 Caption with encoding UTF-8 (CTEX)
))
(D:\Software\scoop\apps\latex\current\texmfs\install\tex/latex/ctex/fontset\cte
x-fontset-windows.def
File: ctex-fontset-windows.def 2022/07/14 v2.5.10 Windows fonts definition (CTE
X)

Package fontspec Info: Could not resolve font "KaiTi/B" (it probably doesn't
(fontspec)             exist).


Package fontspec Info: Could not resolve font "SimHei/I" (it probably doesn't
(fontspec)             exist).


Package fontspec Info: Could not resolve font "SimSun/BI" (it probably doesn't
(fontspec)             exist).


Package fontspec Info: Font family 'SimSun(0)' created for font 'SimSun' with
(fontspec)             options
(fontspec)             [Script={CJK},BoldFont={SimHei},ItalicFont={KaiTi}].
(fontspec)              
(fontspec)              This font family consists of the following NFSS
(fontspec)             series/shapes:
(fontspec)              
(fontspec)             - 'normal' (m/n) with NFSS spec.:
(fontspec)             <->"SimSun/OT:script=hani;language=dflt;"
(fontspec)             - 'small caps'  (m/sc) with NFSS spec.: 
(fontspec)             - 'bold' (b/n) with NFSS spec.:
(fontspec)             <->"SimHei/OT:script=hani;language=dflt;"
(fontspec)             - 'bold small caps'  (b/sc) with NFSS spec.: 
(fontspec)             - 'italic' (m/it) with NFSS spec.:
(fontspec)             <->"KaiTi/OT:script=hani;language=dflt;"
(fontspec)             - 'italic small caps'  (m/scit) with NFSS spec.: 

))
(D:\Software\scoop\apps\latex\current\texmfs\install\tex/latex/ctex/config\ctex
.cfg
File: ctex.cfg 2022/07/14 v2.5.10 Configuration file (CTEX)
)
(D:\Software\scoop\apps\latex\current\texmfs\install\tex/latex/geometry\geometr
y.sty
Package: geometry 2020/01/02 v5.9 Page Geometry

(D:\Software\scoop\apps\latex\current\texmfs\install\tex/latex/graphics\keyval.
sty
Package: keyval 2022/05/29 v1.15 key=value parser (DPC)
\KV@toks@=\toks16
)
(D:\Software\scoop\apps\latex\current\texmfs\install\tex/generic/iftex\ifvtex.s
ty
Package: ifvtex 2019/10/25 v1.7 ifvtex legacy package. Use iftex instead.

(D:\Software\scoop\apps\latex\current\texmfs\install\tex/generic/iftex\iftex.st
y
Package: iftex 2022/02/03 v1.0f TeX engine tests
))
\Gm@cnth=\count288
\Gm@cntv=\count289
\c@Gm@tempcnt=\count290
\Gm@bindingoffset=\dimen173
\Gm@wd@mp=\dimen174
\Gm@odd@mp=\dimen175
\Gm@even@mp=\dimen176
\Gm@layoutwidth=\dimen177
\Gm@layoutheight=\dimen178
\Gm@layouthoffset=\dimen179
\Gm@layoutvoffset=\dimen180
\Gm@dimlist=\toks17

(D:\Software\scoop\apps\latex\current\texmfs\install\tex/latex/geometry\geometr
y.cfg))
(D:\Software\scoop\apps\latex\current\texmfs\install\tex/latex/xcolor\xcolor.st
y
Package: xcolor 2022/06/12 v2.14 LaTeX color extensions (UK)

(D:\Software\scoop\apps\latex\current\texmfs\install\tex/latex/graphics-cfg\col
or.cfg
File: color.cfg 2016/01/02 v1.6 sample color configuration
)
Package xcolor Info: Driver file: xetex.def on input line 227.

(D:\Software\scoop\apps\latex\current\texmfs\install\tex/latex/graphics-def\xet
ex.def
File: xetex.def 2022/09/22 v5.0n Graphics/color driver for xetex
\stockwidth=\dimen181
\stockheight=\dimen182
)
(D:\Software\scoop\apps\latex\current\texmfs\install\tex/latex/graphics\mathcol
or.ltx)
Package xcolor Info: Model `cmy' substituted by `cmy0' on input line 1353.
Package xcolor Info: Model `RGB' extended on input line 1369.
Package xcolor Info: Model `HTML' substituted by `rgb' on input line 1371.
Package xcolor Info: Model `Hsb' substituted by `hsb' on input line 1372.
Package xcolor Info: Model `tHsb' substituted by `hsb' on input line 1373.
Package xcolor Info: Model `HSB' substituted by `hsb' on input line 1374.
Package xcolor Info: Model `Gray' substituted by `gray' on input line 1375.
Package xcolor Info: Model `wave' substituted by `hsb' on input line 1376.
)
(D:\Software\scoop\apps\latex\current\texmfs\install\tex/latex/listings\listing
s.sty
\lst@mode=\count291
\lst@gtempboxa=\box55
\lst@token=\toks18
\lst@length=\count292
\lst@currlwidth=\dimen183
\lst@column=\count293
\lst@pos=\count294
\lst@lostspace=\dimen184
\lst@width=\dimen185
\lst@newlines=\count295
\lst@lineno=\count296
\lst@maxwidth=\dimen186

(D:\Software\scoop\apps\latex\current\texmfs\install\tex/latex/listings\lstmisc
.sty
File: lstmisc.sty 2020/03/24 1.8d (Carsten Heinz)
\c@lstnumber=\count297
\lst@skipnumbers=\count298
\lst@framebox=\box56
)
(D:\Software\scoop\apps\latex\current\texmfs\install\tex/latex/listings\listing
s.cfg
File: listings.cfg 2020/03/24 1.8d listings configuration
))
Package: listings 2020/03/24 1.8d (Carsten Heinz)

(D:\Software\scoop\apps\latex\current\texmfs\install\tex/xelatex/xecjk\xeCJK-li
stings.sty
Package: xeCJK-listings 2022/08/05 v3.9.1 xeCJK patch file for listings
\l__xeCJK_listings_max_char_int=\count299
\l__xeCJK_listings_flag_int=\count300
)

Package fontspec Info: Could not resolve font "Monaco/I" (it probably doesn't
(fontspec)             exist).


Package fontspec Info: Could not resolve font "Monaco/BI" (it probably doesn't
(fontspec)             exist).


Package fontspec Info: Could not resolve font "Monaco/I" (it probably doesn't
(fontspec)             exist).


Package fontspec Info: Font family 'Monaco(0)' created for font 'Monaco' with
(fontspec)             options
(fontspec)             [WordSpace={1,0,0},HyphenChar=None,PunctuationSpace=Word
Space,AutoFakeBold].
(fontspec)              
(fontspec)              This font family consists of the following NFSS
(fontspec)             series/shapes:
(fontspec)              
(fontspec)             - 'normal' (m/n) with NFSS spec.:
(fontspec)             <->"Monaco/OT:language=dflt;"
(fontspec)             - 'small caps'  (m/sc) with NFSS spec.: 
(fontspec)             and font adjustment code:
(fontspec)             \fontdimen 2\font =1\fontdimen 2\font \fontdimen 3\font
(fontspec)             =0\fontdimen 3\font \fontdimen 4\font =0\fontdimen
(fontspec)             4\font \fontdimen 7\font =0\fontdimen 2\font
(fontspec)             \tex_hyphenchar:D \font =-1\scan_stop: 
(fontspec)             - 'bold' (b/n) with NFSS spec.:
(fontspec)             <->"Monaco/OT:language=dflt;embolden=1.5;"
(fontspec)             - 'bold small caps'  (b/sc) with NFSS spec.: 
(fontspec)             and font adjustment code:
(fontspec)             \fontdimen 2\font =1\fontdimen 2\font \fontdimen 3\font
(fontspec)             =0\fontdimen 3\font \fontdimen 4\font =0\fontdimen
(fontspec)             4\font \fontdimen 7\font =0\fontdimen 2\font
(fontspec)             \tex_hyphenchar:D \font =-1\scan_stop: 


(D:\Software\scoop\apps\latex\current\texmfs\install\tex/latex/hyperref\hyperre
f.sty
Package: hyperref 2022-09-22 v7.00t Hypertext links for LaTeX

(D:\Software\scoop\apps\latex\current\texmfs\install\tex/generic/ltxcmds\ltxcmd
s.sty
Package: ltxcmds 2020-05-10 v1.25 LaTeX kernel commands for general use (HO)
)
(D:\Software\scoop\apps\latex\current\texmfs\install\tex/generic/pdftexcmds\pdf
texcmds.sty
Package: pdftexcmds 2020-06-27 v0.33 Utility functions of pdfTeX for LuaTeX (HO
)

(D:\Software\scoop\apps\latex\current\texmfs\install\tex/generic/infwarerr\infw
arerr.sty
Package: infwarerr 2019/12/03 v1.5 Providing info/warning/error messages (HO)
)
Package pdftexcmds Info: \pdf@primitive is available.
Package pdftexcmds Info: \pdf@ifprimitive is available.
Package pdftexcmds Info: \pdfdraftmode not found.
)
(D:\Software\scoop\apps\latex\current\texmfs\install\tex/latex/kvsetkeys\kvsetk
eys.sty
Package: kvsetkeys 2022-10-05 v1.19 Key value parser (HO)
)
(D:\Software\scoop\apps\latex\current\texmfs\install\tex/generic/kvdefinekeys\k
vdefinekeys.sty
Package: kvdefinekeys 2019-12-19 v1.6 Define keys (HO)
)
(D:\Software\scoop\apps\latex\current\texmfs\install\tex/generic/pdfescape\pdfe
scape.sty
Package: pdfescape 2019/12/09 v1.15 Implements pdfTeX's escape features (HO)
)
(D:\Software\scoop\apps\latex\current\texmfs\install\tex/latex/hycolor\hycolor.
sty
Package: hycolor 2020-01-27 v1.10 Color options for hyperref/bookmark (HO)
)
(D:\Software\scoop\apps\latex\current\texmfs\install\tex/latex/letltxmacro\letl
txmacro.sty
Package: letltxmacro 2019/12/03 v1.6 Let assignment for LaTeX macros (HO)
)
(D:\Software\scoop\apps\latex\current\texmfs\install\tex/latex/auxhook\auxhook.
sty
Package: auxhook 2019-12-17 v1.6 Hooks for auxiliary files (HO)
)
(D:\Software\scoop\apps\latex\current\texmfs\install\tex/latex/hyperref\nameref
.sty
Package: nameref 2022-05-17 v2.50 Cross-referencing by name of section

(D:\Software\scoop\apps\latex\current\texmfs\install\tex/latex/refcount\refcoun
t.sty
Package: refcount 2019/12/15 v3.6 Data extraction from label references (HO)
)
(D:\Software\scoop\apps\latex\current\texmfs\install\tex/generic/gettitlestring
\gettitlestring.sty
Package: gettitlestring 2019/12/15 v1.6 Cleanup title references (HO)

(D:\Software\scoop\apps\latex\current\texmfs\install\tex/latex/kvoptions\kvopti
ons.sty
Package: kvoptions 2022-06-15 v3.15 Key value format for package options (HO)
))
\c@section@level=\count301
)
\@linkdim=\dimen187
\Hy@linkcounter=\count302
\Hy@pagecounter=\count303

(D:\Software\scoop\apps\latex\current\texmfs\install\tex/latex/hyperref\pd1enc.
def
File: pd1enc.def 2022-09-22 v7.00t Hyperref: PDFDocEncoding definition (HO)
)
(D:\Software\scoop\apps\latex\current\texmfs\install\tex/generic/intcalc\intcal
c.sty
Package: intcalc 2019/12/15 v1.3 Expandable calculations with integers (HO)
)
(D:\Software\scoop\apps\latex\current\texmfs\install\tex/generic/etexcmds\etexc
mds.sty
Package: etexcmds 2019/12/15 v1.7 Avoid name clashes with e-TeX commands (HO)
)
\Hy@SavedSpaceFactor=\count304

(D:\Software\scoop\apps\latex\current\texmfs\install\tex/latex/hyperref\puenc.d
ef
File: puenc.def 2022-09-22 v7.00t Hyperref: PDF Unicode definition (HO)
)
Package hyperref Info: Option `unicode' set `true' on input line 4045.
Package hyperref Info: Option `colorlinks' set `true' on input line 4045.
Package hyperref Info: Hyper figures OFF on input line 4162.
Package hyperref Info: Link nesting OFF on input line 4167.
Package hyperref Info: Hyper index ON on input line 4170.
Package hyperref Info: Plain pages OFF on input line 4177.
Package hyperref Info: Backreferencing OFF on input line 4182.
Package hyperref Info: Implicit mode ON; LaTeX internals redefined.
Package hyperref Info: Bookmarks ON on input line 4410.
\c@Hy@tempcnt=\count305
 (D:\Software\scoop\apps\latex\current\texmfs\install\tex/latex/url\url.sty
\Urlmuskip=\muskip17
Package: url 2013/09/16  ver 3.4  Verb mode for urls, etc.
)
LaTeX Info: Redefining \url on input line 4748.
\XeTeXLinkMargin=\dimen188

(D:\Software\scoop\apps\latex\current\texmfs\install\tex/generic/bitset\bitset.
sty
Package: bitset 2019/12/09 v1.3 Handle bit-vector datatype (HO)

(D:\Software\scoop\apps\latex\current\texmfs\install\tex/generic/bigintcalc\big
intcalc.sty
Package: bigintcalc 2019/12/15 v1.5 Expandable calculations on big integers (HO
)
))
\Fld@menulength=\count306
\Field@Width=\dimen189
\Fld@charsize=\dimen190
Package hyperref Info: Hyper figures OFF on input line 6027.
Package hyperref Info: Link nesting OFF on input line 6032.
Package hyperref Info: Hyper index ON on input line 6035.
Package hyperref Info: backreferencing OFF on input line 6042.
Package hyperref Info: Link coloring ON on input line 6045.
Package hyperref Info: Link coloring with OCG OFF on input line 6052.
Package hyperref Info: PDF/A mode OFF on input line 6057.

(D:\Software\scoop\apps\latex\current\texmfs\install\tex/latex/base\atbegshi-lt
x.sty
Package: atbegshi-ltx 2021/01/10 v1.0c Emulation of the original atbegshi
package with kernel methods
)
\Hy@abspage=\count307
\c@Item=\count308
\c@Hfootnote=\count309
)
Package hyperref Info: Driver (autodetected): hxetex.

(D:\Software\scoop\apps\latex\current\texmfs\install\tex/latex/hyperref\hxetex.
def
File: hxetex.def 2022-09-22 v7.00t Hyperref driver for XeTeX

(D:\Software\scoop\apps\latex\current\texmfs\install\tex/generic/stringenc\stri
ngenc.sty
Package: stringenc 2019/11/29 v1.12 Convert strings between diff. encodings (HO
)
)
\pdfm@box=\box57
\c@Hy@AnnotLevel=\count310
\HyField@AnnotCount=\count311
\Fld@listcount=\count312
\c@bookmark@seq@number=\count313

(D:\Software\scoop\apps\latex\current\texmfs\install\tex/latex/rerunfilecheck\r
erunfilecheck.sty
Package: rerunfilecheck 2022-07-10 v1.10 Rerun checks for auxiliary files (HO)

(D:\Software\scoop\apps\latex\current\texmfs\install\tex/latex/base\atveryend-l
tx.sty
Package: atveryend-ltx 2020/08/19 v1.0a Emulation of the original atveryend pac
kage
with kernel methods
)
(D:\Software\scoop\apps\latex\current\texmfs\install\tex/generic/uniquecounter\
uniquecounter.sty
Package: uniquecounter 2019/12/15 v1.4 Provide unlimited unique counter (HO)
)
Package uniquecounter Info: New unique counter `rerunfilecheck' on input line 2
85.
)
\Hy@SectionHShift=\skip59
)
(D:\Software\scoop\apps\latex\current\texmfs\install\tex/latex/pgf/frontendlaye
r\tikz.sty
(D:\Software\scoop\apps\latex\current\texmfs\install\tex/latex/pgf/basiclayer\p
gf.sty
(D:\Software\scoop\apps\latex\current\texmfs\install\tex/latex/pgf/utilities\pg
frcs.sty
(D:\Software\scoop\apps\latex\current\texmfs\install\tex/generic/pgf/utilities\
pgfutil-common.tex
\pgfutil@everybye=\toks19
\pgfutil@tempdima=\dimen191
\pgfutil@tempdimb=\dimen192

(D:\Software\scoop\apps\latex\current\texmfs\install\tex/generic/pgf/utilities\
pgfutil-common-lists.tex))
(D:\Software\scoop\apps\latex\current\texmfs\install\tex/generic/pgf/utilities\
pgfutil-latex.def
\pgfutil@abb=\box58
)
(D:\Software\scoop\apps\latex\current\texmfs\install\tex/generic/pgf/utilities\
pgfrcs.code.tex
(D:\Software\scoop\apps\latex\current\texmfs\install\tex/generic/pgf\pgf.revisi
on.tex)
Package: pgfrcs 2021/05/15 v3.1.9a (3.1.9a)
))
Package: pgf 2021/05/15 v3.1.9a (3.1.9a)

(D:\Software\scoop\apps\latex\current\texmfs\install\tex/latex/pgf/basiclayer\p
gfcore.sty
(D:\Software\scoop\apps\latex\current\texmfs\install\tex/latex/graphics\graphic
x.sty
Package: graphicx 2021/09/16 v1.2d Enhanced LaTeX Graphics (DPC,SPQR)

(D:\Software\scoop\apps\latex\current\texmfs\install\tex/latex/graphics\graphic
s.sty
Package: graphics 2022/03/10 v1.4e Standard LaTeX Graphics (DPC,SPQR)

(D:\Software\scoop\apps\latex\current\texmfs\install\tex/latex/graphics\trig.st
y
Package: trig 2021/08/11 v1.11 sin cos tan (DPC)
)
(D:\Software\scoop\apps\latex\current\texmfs\install\tex/latex/graphics-cfg\gra
phics.cfg
File: graphics.cfg 2016/06/04 v1.11 sample graphics configuration
)
Package graphics Info: Driver file: xetex.def on input line 107.
)
\Gin@req@height=\dimen193
\Gin@req@width=\dimen194
)
(D:\Software\scoop\apps\latex\current\texmfs\install\tex/latex/pgf/systemlayer\
pgfsys.sty
(D:\Software\scoop\apps\latex\current\texmfs\install\tex/generic/pgf/systemlaye
r\pgfsys.code.tex
Package: pgfsys 2021/05/15 v3.1.9a (3.1.9a)

(D:\Software\scoop\apps\latex\current\texmfs\install\tex/generic/pgf/utilities\
pgfkeys.code.tex
\pgfkeys@pathtoks=\toks20
\pgfkeys@temptoks=\toks21

(D:\Software\scoop\apps\latex\current\texmfs\install\tex/generic/pgf/utilities\
pgfkeysfiltered.code.tex
\pgfkeys@tmptoks=\toks22
))
\pgf@x=\dimen195
\pgf@y=\dimen196
\pgf@xa=\dimen197
\pgf@ya=\dimen198
\pgf@xb=\dimen199
\pgf@yb=\dimen256
\pgf@xc=\dimen257
\pgf@yc=\dimen258
\pgf@xd=\dimen259
\pgf@yd=\dimen260
\w@pgf@writea=\write3
\r@pgf@reada=\read2
\c@pgf@counta=\count314
\c@pgf@countb=\count315
\c@pgf@countc=\count316
\c@pgf@countd=\count317
\t@pgf@toka=\toks23
\t@pgf@tokb=\toks24
\t@pgf@tokc=\toks25
\pgf@sys@id@count=\count318

(D:\Software\scoop\apps\latex\current\texmfs\install\tex/generic/pgf/systemlaye
r\pgf.cfg
File: pgf.cfg 2021/05/15 v3.1.9a (3.1.9a)
)
Driver file for pgf: pgfsys-xetex.def

(D:\Software\scoop\apps\latex\current\texmfs\install\tex/generic/pgf/systemlaye
r\pgfsys-xetex.def
File: pgfsys-xetex.def 2021/05/15 v3.1.9a (3.1.9a)

(D:\Software\scoop\apps\latex\current\texmfs\install\tex/generic/pgf/systemlaye
r\pgfsys-dvipdfmx.def
File: pgfsys-dvipdfmx.def 2021/05/15 v3.1.9a (3.1.9a)

(D:\Software\scoop\apps\latex\current\texmfs\install\tex/generic/pgf/systemlaye
r\pgfsys-common-pdf.def
File: pgfsys-common-pdf.def 2021/05/15 v3.1.9a (3.1.9a)
)
\pgfsys@objnum=\count319
)))
(D:\Software\scoop\apps\latex\current\texmfs\install\tex/generic/pgf/systemlaye
r\pgfsyssoftpath.code.tex
File: pgfsyssoftpath.code.tex 2021/05/15 v3.1.9a (3.1.9a)
\pgfsyssoftpath@smallbuffer@items=\count320
\pgfsyssoftpath@bigbuffer@items=\count321
)
(D:\Software\scoop\apps\latex\current\texmfs\install\tex/generic/pgf/systemlaye
r\pgfsysprotocol.code.tex
File: pgfsysprotocol.code.tex 2021/05/15 v3.1.9a (3.1.9a)
))
(D:\Software\scoop\apps\latex\current\texmfs\install\tex/generic/pgf/basiclayer
\pgfcore.code.tex
Package: pgfcore 2021/05/15 v3.1.9a (3.1.9a)

(D:\Software\scoop\apps\latex\current\texmfs\install\tex/generic/pgf/math\pgfma
th.code.tex
(D:\Software\scoop\apps\latex\current\texmfs\install\tex/generic/pgf/math\pgfma
thcalc.code.tex
(D:\Software\scoop\apps\latex\current\texmfs\install\tex/generic/pgf/math\pgfma
thutil.code.tex)
(D:\Software\scoop\apps\latex\current\texmfs\install\tex/generic/pgf/math\pgfma
thparser.code.tex
\pgfmath@dimen=\dimen261
\pgfmath@count=\count322
\pgfmath@box=\box59
\pgfmath@toks=\toks26
\pgfmath@stack@operand=\toks27
\pgfmath@stack@operation=\toks28
)
(D:\Software\scoop\apps\latex\current\texmfs\install\tex/generic/pgf/math\pgfma
thfunctions.code.tex
(D:\Software\scoop\apps\latex\current\texmfs\install\tex/generic/pgf/math\pgfma
thfunctions.basic.code.tex)
(D:\Software\scoop\apps\latex\current\texmfs\install\tex/generic/pgf/math\pgfma
thfunctions.trigonometric.code.tex)
(D:\Software\scoop\apps\latex\current\texmfs\install\tex/generic/pgf/math\pgfma
thfunctions.random.code.tex)
(D:\Software\scoop\apps\latex\current\texmfs\install\tex/generic/pgf/math\pgfma
thfunctions.comparison.code.tex)
(D:\Software\scoop\apps\latex\current\texmfs\install\tex/generic/pgf/math\pgfma
thfunctions.base.code.tex)
(D:\Software\scoop\apps\latex\current\texmfs\install\tex/generic/pgf/math\pgfma
thfunctions.round.code.tex)
(D:\Software\scoop\apps\latex\current\texmfs\install\tex/generic/pgf/math\pgfma
thfunctions.misc.code.tex)
(D:\Software\scoop\apps\latex\current\texmfs\install\tex/generic/pgf/math\pgfma
thfunctions.integerarithmetics.code.tex)))
(D:\Software\scoop\apps\latex\current\texmfs\install\tex/generic/pgf/math\pgfma
thfloat.code.tex
\c@pgfmathroundto@lastzeros=\count323
))
(D:\Software\scoop\apps\latex\current\texmfs\install\tex/generic/pgf/math\pgfin
t.code.tex)
(D:\Software\scoop\apps\latex\current\texmfs\install\tex/generic/pgf/basiclayer
\pgfcorepoints.code.tex
File: pgfcorepoints.code.tex 2021/05/15 v3.1.9a (3.1.9a)
\pgf@picminx=\dimen262
\pgf@picmaxx=\dimen263
\pgf@picminy=\dimen264
\pgf@picmaxy=\dimen265
\pgf@pathminx=\dimen266
\pgf@pathmaxx=\dimen267
\pgf@pathminy=\dimen268
\pgf@pathmaxy=\dimen269
\pgf@xx=\dimen270
\pgf@xy=\dimen271
\pgf@yx=\dimen272
\pgf@yy=\dimen273
\pgf@zx=\dimen274
\pgf@zy=\dimen275
)
(D:\Software\scoop\apps\latex\current\texmfs\install\tex/generic/pgf/basiclayer
\pgfcorepathconstruct.code.tex
File: pgfcorepathconstruct.code.tex 2021/05/15 v3.1.9a (3.1.9a)
\pgf@path@lastx=\dimen276
\pgf@path@lasty=\dimen277
)
(D:\Software\scoop\apps\latex\current\texmfs\install\tex/generic/pgf/basiclayer
\pgfcorepathusage.code.tex
File: pgfcorepathusage.code.tex 2021/05/15 v3.1.9a (3.1.9a)
\pgf@shorten@end@additional=\dimen278
\pgf@shorten@start@additional=\dimen279
)
(D:\Software\scoop\apps\latex\current\texmfs\install\tex/generic/pgf/basiclayer
\pgfcorescopes.code.tex
File: pgfcorescopes.code.tex 2021/05/15 v3.1.9a (3.1.9a)
\pgfpic=\box60
\pgf@hbox=\box61
\pgf@layerbox@main=\box62
\pgf@picture@serial@count=\count324
)
(D:\Software\scoop\apps\latex\current\texmfs\install\tex/generic/pgf/basiclayer
\pgfcoregraphicstate.code.tex
File: pgfcoregraphicstate.code.tex 2021/05/15 v3.1.9a (3.1.9a)
\pgflinewidth=\dimen280
)
(D:\Software\scoop\apps\latex\current\texmfs\install\tex/generic/pgf/basiclayer
\pgfcoretransformations.code.tex
File: pgfcoretransformations.code.tex 2021/05/15 v3.1.9a (3.1.9a)
\pgf@pt@x=\dimen281
\pgf@pt@y=\dimen282
\pgf@pt@temp=\dimen283
)
(D:\Software\scoop\apps\latex\current\texmfs\install\tex/generic/pgf/basiclayer
\pgfcorequick.code.tex
File: pgfcorequick.code.tex 2021/05/15 v3.1.9a (3.1.9a)
)
(D:\Software\scoop\apps\latex\current\texmfs\install\tex/generic/pgf/basiclayer
\pgfcoreobjects.code.tex
File: pgfcoreobjects.code.tex 2021/05/15 v3.1.9a (3.1.9a)
)
(D:\Software\scoop\apps\latex\current\texmfs\install\tex/generic/pgf/basiclayer
\pgfcorepathprocessing.code.tex
File: pgfcorepathprocessing.code.tex 2021/05/15 v3.1.9a (3.1.9a)
)
(D:\Software\scoop\apps\latex\current\texmfs\install\tex/generic/pgf/basiclayer
\pgfcorearrows.code.tex
File: pgfcorearrows.code.tex 2021/05/15 v3.1.9a (3.1.9a)
\pgfarrowsep=\dimen284
)
(D:\Software\scoop\apps\latex\current\texmfs\install\tex/generic/pgf/basiclayer
\pgfcoreshade.code.tex
File: pgfcoreshade.code.tex 2021/05/15 v3.1.9a (3.1.9a)
\pgf@max=\dimen285
\pgf@sys@shading@range@num=\count325
\pgf@shadingcount=\count326
)
(D:\Software\scoop\apps\latex\current\texmfs\install\tex/generic/pgf/basiclayer
\pgfcoreimage.code.tex
File: pgfcoreimage.code.tex 2021/05/15 v3.1.9a (3.1.9a)

(D:\Software\scoop\apps\latex\current\texmfs\install\tex/generic/pgf/basiclayer
\pgfcoreexternal.code.tex
File: pgfcoreexternal.code.tex 2021/05/15 v3.1.9a (3.1.9a)
\pgfexternal@startupbox=\box63
))
(D:\Software\scoop\apps\latex\current\texmfs\install\tex/generic/pgf/basiclayer
\pgfcorelayers.code.tex
File: pgfcorelayers.code.tex 2021/05/15 v3.1.9a (3.1.9a)
)
(D:\Software\scoop\apps\latex\current\texmfs\install\tex/generic/pgf/basiclayer
\pgfcoretransparency.code.tex
File: pgfcoretransparency.code.tex 2021/05/15 v3.1.9a (3.1.9a)
)
(D:\Software\scoop\apps\latex\current\texmfs\install\tex/generic/pgf/basiclayer
\pgfcorepatterns.code.tex
File: pgfcorepatterns.code.tex 2021/05/15 v3.1.9a (3.1.9a)
)
(D:\Software\scoop\apps\latex\current\texmfs\install\tex/generic/pgf/basiclayer
\pgfcorerdf.code.tex
File: pgfcorerdf.code.tex 2021/05/15 v3.1.9a (3.1.9a)
)))
(D:\Software\scoop\apps\latex\current\texmfs\install\tex/generic/pgf/modules\pg
fmoduleshapes.code.tex
File: pgfmoduleshapes.code.tex 2021/05/15 v3.1.9a (3.1.9a)
\pgfnodeparttextbox=\box64
)
(D:\Software\scoop\apps\latex\current\texmfs\install\tex/generic/pgf/modules\pg
fmoduleplot.code.tex
File: pgfmoduleplot.code.tex 2021/05/15 v3.1.9a (3.1.9a)
)
(D:\Software\scoop\apps\latex\current\texmfs\install\tex/latex/pgf/compatibilit
y\pgfcomp-version-0-65.sty
Package: pgfcomp-version-0-65 2021/05/15 v3.1.9a (3.1.9a)
\pgf@nodesepstart=\dimen286
\pgf@nodesepend=\dimen287
)
(D:\Software\scoop\apps\latex\current\texmfs\install\tex/latex/pgf/compatibilit
y\pgfcomp-version-1-18.sty
Package: pgfcomp-version-1-18 2021/05/15 v3.1.9a (3.1.9a)
))
(D:\Software\scoop\apps\latex\current\texmfs\install\tex/latex/pgf/utilities\pg
ffor.sty
(D:\Software\scoop\apps\latex\current\texmfs\install\tex/latex/pgf/utilities\pg
fkeys.sty
(D:\Software\scoop\apps\latex\current\texmfs\install\tex/generic/pgf/utilities\
pgfkeys.code.tex))
(D:\Software\scoop\apps\latex\current\texmfs\install\tex/latex/pgf/math\pgfmath
.sty
(D:\Software\scoop\apps\latex\current\texmfs\install\tex/generic/pgf/math\pgfma
th.code.tex))
(D:\Software\scoop\apps\latex\current\texmfs\install\tex/generic/pgf/utilities\
pgffor.code.tex
Package: pgffor 2021/05/15 v3.1.9a (3.1.9a)

(D:\Software\scoop\apps\latex\current\texmfs\install\tex/generic/pgf/math\pgfma
th.code.tex)
\pgffor@iter=\dimen288
\pgffor@skip=\dimen289
\pgffor@stack=\toks29
\pgffor@toks=\toks30
))
(D:\Software\scoop\apps\latex\current\texmfs\install\tex/generic/pgf/frontendla
yer/tikz\tikz.code.tex
Package: tikz 2021/05/15 v3.1.9a (3.1.9a)

(D:\Software\scoop\apps\latex\current\texmfs\install\tex/generic/pgf/libraries\
pgflibraryplothandlers.code.tex
File: pgflibraryplothandlers.code.tex 2021/05/15 v3.1.9a (3.1.9a)
\pgf@plot@mark@count=\count327
\pgfplotmarksize=\dimen290
)
\tikz@lastx=\dimen291
\tikz@lasty=\dimen292
\tikz@lastxsaved=\dimen293
\tikz@lastysaved=\dimen294
\tikz@lastmovetox=\dimen295
\tikz@lastmovetoy=\dimen296
\tikzleveldistance=\dimen297
\tikzsiblingdistance=\dimen298
\tikz@figbox=\box65
\tikz@figbox@bg=\box66
\tikz@tempbox=\box67
\tikz@tempbox@bg=\box68
\tikztreelevel=\count328
\tikznumberofchildren=\count329
\tikznumberofcurrentchild=\count330
\tikz@fig@count=\count331

(D:\Software\scoop\apps\latex\current\texmfs\install\tex/generic/pgf/modules\pg
fmodulematrix.code.tex
File: pgfmodulematrix.code.tex 2021/05/15 v3.1.9a (3.1.9a)
\pgfmatrixcurrentrow=\count332
\pgfmatrixcurrentcolumn=\count333
\pgf@matrix@numberofcolumns=\count334
)
\tikz@expandcount=\count335

(D:\Software\scoop\apps\latex\current\texmfs\install\tex/generic/pgf/frontendla
yer/tikz/libraries\tikzlibrarytopaths.code.tex
File: tikzlibrarytopaths.code.tex 2021/05/15 v3.1.9a (3.1.9a)
)))
(D:\Software\scoop\apps\latex\current\texmfs\install\tex/latex/caption\caption.
sty
Package: caption 2022/03/01 v3.6b Customizing captions (AR)

(D:\Software\scoop\apps\latex\current\texmfs\install\tex/latex/caption\caption3
.sty
Package: caption3 2022/03/17 v2.3b caption3 kernel (AR)
\caption@tempdima=\dimen299
\captionmargin=\dimen300
\caption@leftmargin=\dimen301
\caption@rightmargin=\dimen302
\caption@width=\dimen303
\caption@indent=\dimen304
\caption@parindent=\dimen305
\caption@hangindent=\dimen306
Package caption Info: Standard document class detected.
)
\c@caption@flags=\count336
\c@continuedfloat=\count337
Package caption Info: hyperref package is loaded.
Package caption Info: listings package is loaded.
)
(D:\Software\scoop\apps\latex\current\texmfs\install\tex/latex/base\makeidx.sty
Package: makeidx 2021/10/04 v1.0m Standard LaTeX package
)
\@indexfile=\write4
\openout4 = `main.idx'.


Writing index file main.idx
(main.aux)
\openout1 = `main.aux'.

LaTeX Font Info:    Checking defaults for OML/cmm/m/it on input line 52.
LaTeX Font Info:    ... okay on input line 52.
LaTeX Font Info:    Checking defaults for OMS/cmsy/m/n on input line 52.
LaTeX Font Info:    ... okay on input line 52.
LaTeX Font Info:    Checking defaults for OT1/cmr/m/n on input line 52.
LaTeX Font Info:    ... okay on input line 52.
LaTeX Font Info:    Checking defaults for T1/cmr/m/n on input line 52.
LaTeX Font Info:    ... okay on input line 52.
LaTeX Font Info:    Checking defaults for TS1/cmr/m/n on input line 52.
LaTeX Font Info:    ... okay on input line 52.
LaTeX Font Info:    Checking defaults for TU/lmr/m/n on input line 52.
LaTeX Font Info:    ... okay on input line 52.
LaTeX Font Info:    Checking defaults for OMX/cmex/m/n on input line 52.
LaTeX Font Info:    ... okay on input line 52.
LaTeX Font Info:    Checking defaults for U/cmr/m/n on input line 52.
LaTeX Font Info:    ... okay on input line 52.
LaTeX Font Info:    Checking defaults for PD1/pdf/m/n on input line 52.
LaTeX Font Info:    ... okay on input line 52.
LaTeX Font Info:    Checking defaults for PU/pdf/m/n on input line 52.
LaTeX Font Info:    ... okay on input line 52.

Package fontspec Info: Adjusting the maths setup (use [no-math] to avoid
(fontspec)             this).

\symlegacymaths=\mathgroup4
LaTeX Font Info:    Overwriting symbol font `legacymaths' in version `bold'
(Font)                  OT1/cmr/m/n --> OT1/cmr/bx/n on input line 52.
LaTeX Font Info:    Redeclaring math accent \acute on input line 52.
LaTeX Font Info:    Redeclaring math accent \grave on input line 52.
LaTeX Font Info:    Redeclaring math accent \ddot on input line 52.
LaTeX Font Info:    Redeclaring math accent \tilde on input line 52.
LaTeX Font Info:    Redeclaring math accent \bar on input line 52.
LaTeX Font Info:    Redeclaring math accent \breve on input line 52.
LaTeX Font Info:    Redeclaring math accent \check on input line 52.
LaTeX Font Info:    Redeclaring math accent \hat on input line 52.
LaTeX Font Info:    Redeclaring math accent \dot on input line 52.
LaTeX Font Info:    Redeclaring math accent \mathring on input line 52.
LaTeX Font Info:    Redeclaring math symbol \colon on input line 52.
LaTeX Font Info:    Redeclaring math symbol \Gamma on input line 52.
LaTeX Font Info:    Redeclaring math symbol \Delta on input line 52.
LaTeX Font Info:    Redeclaring math symbol \Theta on input line 52.
LaTeX Font Info:    Redeclaring math symbol \Lambda on input line 52.
LaTeX Font Info:    Redeclaring math symbol \Xi on input line 52.
LaTeX Font Info:    Redeclaring math symbol \Pi on input line 52.
LaTeX Font Info:    Redeclaring math symbol \Sigma on input line 52.
LaTeX Font Info:    Redeclaring math symbol \Upsilon on input line 52.
LaTeX Font Info:    Redeclaring math symbol \Phi on input line 52.
LaTeX Font Info:    Redeclaring math symbol \Psi on input line 52.
LaTeX Font Info:    Redeclaring math symbol \Omega on input line 52.
LaTeX Font Info:    Redeclaring math symbol \mathdollar on input line 52.
LaTeX Font Info:    Redeclaring symbol font `operators' on input line 52.
LaTeX Font Info:    Encoding `OT1' has changed to `TU' for symbol font
(Font)              `operators' in the math version `normal' on input line 52.
LaTeX Font Info:    Overwriting symbol font `operators' in version `normal'
(Font)                  OT1/cmr/m/n --> TU/lmr/m/n on input line 52.
LaTeX Font Info:    Encoding `OT1' has changed to `TU' for symbol font
(Font)              `operators' in the math version `bold' on input line 52.
LaTeX Font Info:    Overwriting symbol font `operators' in version `bold'
(Font)                  OT1/cmr/bx/n --> TU/lmr/m/n on input line 52.
LaTeX Font Info:    Overwriting symbol font `operators' in version `normal'
(Font)                  TU/lmr/m/n --> TU/lmr/m/n on input line 52.
LaTeX Font Info:    Overwriting math alphabet `\mathit' in version `normal'
(Font)                  OT1/cmr/m/it --> TU/lmr/m/it on input line 52.
LaTeX Font Info:    Overwriting math alphabet `\mathbf' in version `normal'
(Font)                  OT1/cmr/bx/n --> TU/lmr/b/n on input line 52.
LaTeX Font Info:    Overwriting math alphabet `\mathsf' in version `normal'
(Font)                  OT1/cmss/m/n --> TU/lmss/m/n on input line 52.
LaTeX Font Info:    Overwriting math alphabet `\mathtt' in version `normal'
(Font)                  OT1/cmtt/m/n --> TU/Monaco(0)/m/n on input line 52.
LaTeX Font Info:    Overwriting symbol font `operators' in version `bold'
(Font)                  TU/lmr/m/n --> TU/lmr/b/n on input line 52.
LaTeX Font Info:    Overwriting math alphabet `\mathit' in version `bold'
(Font)                  OT1/cmr/bx/it --> TU/lmr/b/it on input line 52.
LaTeX Font Info:    Overwriting math alphabet `\mathsf' in version `bold'
(Font)                  OT1/cmss/bx/n --> TU/lmss/b/n on input line 52.
LaTeX Font Info:    Overwriting math alphabet `\mathtt' in version `bold'
(Font)                  OT1/cmtt/m/n --> TU/Monaco(0)/b/n on input line 52.

*geometry* driver: auto-detecting
*geometry* detected driver: xetex
*geometry* verbose mode - [ preamble ] result:
* driver: xetex
* paper: a4paper
* layout: <same size as paper>
* layoutoffset:(h,v)=(0.0pt,0.0pt)
* modes: 
* h-part:(L,W,R)=(90.3375pt, 416.83289pt, 90.3375pt)
* v-part:(T,H,B)=(90.3375pt, 664.37186pt, 90.3375pt)
* \paperwidth=597.50787pt
* \paperheight=845.04684pt
* \textwidth=416.83289pt
* \textheight=664.37186pt
* \oddsidemargin=18.0675pt
* \evensidemargin=18.0675pt
* \topmargin=-18.9325pt
* \headheight=12.0pt
* \headsep=25.0pt
* \topskip=12.0pt
* \footskip=30.0pt
* \marginparwidth=35.0pt
* \marginparsep=10.0pt
* \columnsep=10.0pt
* \skip\footins=10.8pt plus 4.0pt minus 2.0pt
* \hoffset=0.0pt
* \voffset=0.0pt
* \mag=1000
* \@twocolumnfalse
* \@twosidefalse
* \@mparswitchfalse
* \@reversemarginfalse
* (1in=72.27pt=25.4mm, 1cm=28.453pt)

\c@lstlisting=\count338
Package hyperref Info: Link coloring ON on input line 52.
(main.out) (main.out)
\@outlinefile=\write5
\openout5 = `main.out'.

Package caption Info: Begin \AtBeginDocument code.
Package caption Info: End \AtBeginDocument code.
LaTeX Font Info:    External font `cmex10' loaded for size
(Font)              <14.4> on input line 54.
LaTeX Font Info:    External font `cmex10' loaded for size
(Font)              <7> on input line 54.
 (main.toc)
\tf@toc=\write6
\openout6 = `main.toc'.

 [1

]

Package fontspec Info: Could not resolve font "FangSong/BI" (it probably
(fontspec)             doesn't exist).


Package fontspec Info: Could not resolve font "FangSong/B" (it probably
(fontspec)             doesn't exist).


Package fontspec Info: Could not resolve font "FangSong/I" (it probably
(fontspec)             doesn't exist).


Package fontspec Info: Font family 'FangSong(0)' created for font 'FangSong'
(fontspec)             with options [Script={CJK}].
(fontspec)              
(fontspec)              This font family consists of the following NFSS
(fontspec)             series/shapes:
(fontspec)              
(fontspec)             - 'normal' (m/n) with NFSS spec.:
(fontspec)             <->"FangSong/OT:script=hani;language=dflt;"
(fontspec)             - 'small caps'  (m/sc) with NFSS spec.: 

LaTeX Font Info:    External font `cmex10' loaded for size
(Font)              <12> on input line 58.
LaTeX Font Info:    External font `cmex10' loaded for size
(Font)              <8> on input line 58.
LaTeX Font Info:    External font `cmex10' loaded for size
(Font)              <6> on input line 58.

(D:\Software\scoop\apps\latex\current\texmfs\install\tex/latex/listings\lstlang
1.sty
File: lstlang1.sty 2020/03/24 1.8d listings language file
)
(D:\Software\scoop\apps\latex\current\texmfs\install\tex/latex/listings\lstlang
1.sty
File: lstlang1.sty 2020/03/24 1.8d listings language file
)
(D:\Software\scoop\apps\latex\current\texmfs\install\tex/latex/listings\lstmisc
.sty
File: lstmisc.sty 2020/03/24 1.8d (Carsten Heinz)
)
Package hyperref Info: bookmark level for unknown lstlisting defaults to 0 on i
nput line 78.
 (C.cpp) [2] (D.cpp) (E.cpp) [3] (F.cpp) [4] (G.cpp) (H.cpp [5] [6])
(I.cpp) [7] (J.cpp) [8] (main.aux)
Package rerunfilecheck Info: File `main.out' has not changed.
(rerunfilecheck)             Checksum: F86D421C747EBAFD88F56FBE7602005C;781.
 ) 
Here is how much of TeX's memory you used:
 28198 strings out of 410532
 608735 string characters out of 2811877
 1415685 words of memory out of 3000000
 48930 multiletter control sequences out of 15000+600000
 475230 words of font info for 83 fonts, out of 8000000 for 9000
 1348 hyphenation exceptions out of 8191
 100i,7n,104p,417b,1925s stack positions out of 10000i,1000n,20000p,200000b,80000s

Output written on main.pdf (8 pages).
